
***** SymSpice --- v2.4.0.0528 *****

Job started at	11.21.18   05/11/2025.

Loading file: 'C:\Program Files (x86)\Symica Free\share\spice.ini'. Please wait...                                                                   (11:21:18)
Loading file: 'D:\L_1\LR_1\LR_SSHMT_!\LR_2_SH\simulation\TB_CMOS\netlistLR_2_SH'. Please wait...                                                     (11:21:18)
Loading file: 'C:\Users\8221452\Desktop\models\mmapr_mos.lib'. Please wait...                                                                        (11:21:18)
Loading file: 'D:\L_1\LR_1\LR_SSHMT_!\LR_2_SH\simulation\TB_CMOS\netlistLR_2_SH'. Please wait...                                                     (11:21:18)

Netlist summary (root)                                              (11:21:18)

  Nodes   	22
  Elements	33
  _warning_: Multithreading is not available in Free Edition. "multithread" set to 1

Multithreading
	Number of used threads		: 1
	Maximum number of threads	: 4

Start creating models...


Circuit summary
	Equations : 24
	Elements  : 33

	Type info
	      Vdc : 1    
	   Vpulse : 2    
	Capacitor : 2     (part types : 1)
	    BSIM3 : 28    (part types : 2)

Total time of model creation: 0s  (CPU time 0.010s).

SymProbe interprocess communication initialization... DONE
SymProbe run... DONE
SymProbe setup connection... DONE
----------------------------------------------

Simulation started:	11.21.21   05/11/2025.

Parameter values:
	start = 0 s
	outputstart = 0 s
	stop = 1e-007 s
	step = 1e-010 s
	maxstep = 2e-009 s
	skipdc = no
	reltol = 0.001
	abstol(I) = 1e-012
	abstol(V) = 1e-006
	temp = 27 C
	tnom = 27 C
	method = trap
	lteratio = 3.5
	gmin = 1e-012
	fast_spice = 0

No DC path from node 'I0.n7_2' to ground, Gmin installed to provide path.

Operating point calculation started...
Total time required for op. point calculation 0s  (CPU time 0.000s).

Transient analysis started...

tran: time = 0s.                                                     (11:21:21)
tran: time = 1e-008s.                                                (11:21:21)
tran: time = 2e-008s.                                                (11:21:21)
tran: time = 3e-008s.                                                (11:21:21)
tran: time = 4e-008s.                                                (11:21:21)
tran: time = 5e-008s.                                                (11:21:21)
tran: time = 6e-008s.                                                (11:21:21)
tran: time = 7e-008s.                                                (11:21:21)
tran: time = 8e-008s.                                                (11:21:21)
tran: time = 9e-008s.                                                (11:21:21)
tran: time = 1e-007s.                                                (11:21:21)
Number of tran steps = 246

Simulation finished:	11.21.21   05/11/2025.

Simulation time summary:
Operating point = 0s  (CPU time 0.000s)
Transient analysis = 0s  (CPU time 0.050s)


Job ended at	11.21.21   05/11/2025.

Job time summary:
Total time used = 3s  (CPU time 2.980s)
