
***** SymSpice --- v2.4.0.0528 *****

Job started at	16.35.14   13/02/2026.

Loading file: 'E:\Symica Free\share\spice.ini'. Please wait...       (16:35:14)
Loading file: 'E:\WORCK\LR_2_SH\simulation\tb_cnt_grey\netlistLR_2_SH_NID'. Please wait...                                                           (16:35:14)
Loading file: 'E:\Symica Free\lib\models\mos.lib'. Please wait...    (16:35:14)
Loading file: 'E:\WORCK\LR_2_SH\simulation\tb_cnt_grey\netlistLR_2_SH_NID'. Please wait...                                                           (16:35:14)

Netlist summary (root)                                              (16:35:14)

  Nodes   	53
  Elements	123
  _warning_: Multithreading is not available in Free Edition. "multithread" set to 1

Multithreading
	Number of used threads		: 1
	Maximum number of threads	: 12

Start creating models...


Circuit summary
	Equations : 55
	Elements  : 123

	Type info
	      Vdc : 1    
	   Vpulse : 2    
	Capacitor : 6     (part types : 1)
	    BSIM3 : 114   (part types : 2)

Total time of model creation: 0s  (CPU time 0.035s).

SymProbe interprocess communication initialization... DONE
SymProbe run... DONE
SymProbe setup connection... DONE
----------------------------------------------

Simulation started:	16.35.14   13/02/2026.

Parameter values:
	start = 0 s
	outputstart = 0 s
	stop = 4e-007 s
	step = 4e-010 s
	maxstep = 1e-010 s
	skipdc = no
	reltol = 0.001
	abstol(I) = 1e-012
	abstol(V) = 1e-006
	temp = 27 C
	tnom = 27 C
	method = trap
	lteratio = 3.5
	gmin = 1e-012
	fast_spice = 0

Operating point calculation started...
Total time required for op. point calculation 0s  (CPU time 0.006s).

Transient analysis started...

tran: time = 0s.                                                     (16:35:14)
tran: time = 4e-008s.                                                (16:35:14)
tran: time = 8e-008s.                                                (16:35:15)
tran: time = 1.2e-007s.                                              (16:35:15)
tran: time = 1.6e-007s.                                              (16:35:15)
tran: time = 2e-007s.                                                (16:35:15)
tran: time = 2.4e-007s.                                              (16:35:15)
tran: time = 2.8e-007s.                                              (16:35:16)
tran: time = 3.2e-007s.                                              (16:35:17)
tran: time = 3.6e-007s.                                              (16:35:17)
tran: time = 4e-007s.                                                (16:35:17)
Number of tran steps = 5042

Simulation finished:	16.35.17   13/02/2026.

Simulation time summary:
Operating point = 0s  (CPU time 0.006s)
Transient analysis = 3s  (CPU time 2.427s)


Job ended at	16.35.17   13/02/2026.

Job time summary:
Total time used = 3s  (CPU time 3.264s)
