
***** SymSpice --- v2.4.0.0528 *****

Job started at	12.44.18   13/02/2026.

Loading file: 'E:\Symica Free\share\spice.ini'. Please wait...       (12:44:18)
Loading file: 'E:\WORCK\LR_2_SH\simulation\tb_sum\netlistLR_2_SH_NID'. Please wait...                                                                (12:44:18)
Loading file: 'E:\Symica Free\lib\models\mos.lib'. Please wait...    (12:44:18)
Loading file: 'E:\WORCK\LR_2_SH\simulation\tb_sum\netlistLR_2_SH_NID'. Please wait...                                                                (12:44:18)

Netlist summary (root)                                              (12:44:18)

  Nodes   	30
  Elements	54
  _warning_: node 'out_sum' floating
Count of floating nodes: 1
  _warning_: Multithreading is not available in Free Edition. "multithread" set to 1

Multithreading
	Number of used threads		: 1
	Maximum number of threads	: 12

Start creating models...


Circuit summary
	Equations : 33
	Elements  : 54

	Type info
	      Vdc : 1    
	   Vpulse : 3    
	Capacitor : 2     (part types : 1)
	    BSIM3 : 48    (part types : 2)

Total time of model creation: 0s  (CPU time 0.035s).

SymProbe interprocess communication initialization... DONE
SymProbe run... DONE
SymProbe setup connection... DONE
----------------------------------------------

Simulation started:	12.44.18   13/02/2026.

Parameter values:
	start = 0 s
	outputstart = 0 s
	stop = 2e-007 s
	step = 2e-010 s
	maxstep = 1e-010 s
	skipdc = no
	reltol = 0.001
	abstol(I) = 1e-012
	abstol(V) = 1e-006
	temp = 27 C
	tnom = 27 C
	method = trap
	lteratio = 3.5
	gmin = 1e-012
	fast_spice = 0

No DC path from node 'out_sum' to ground, Gmin installed to provide path.
No DC path from node 'n16_1' to ground, Gmin installed to provide path.
No DC path from node 'n16_2' to ground, Gmin installed to provide path.
No DC path from node 'n16_3' to ground, Gmin installed to provide path.

Operating point calculation started...
Total time required for op. point calculation 0s  (CPU time 0.005s).

Transient analysis started...

tran: time = 0s.                                                     (12:44:19)
tran: time = 2e-008s.                                                (12:44:19)
tran: time = 4e-008s.                                                (12:44:19)
tran: time = 6e-008s.                                                (12:44:19)
tran: time = 8e-008s.                                                (12:44:19)
tran: time = 1e-007s.                                                (12:44:19)
tran: time = 1.2e-007s.                                              (12:44:19)
tran: time = 1.4e-007s.                                              (12:44:19)
tran: time = 1.6e-007s.                                              (12:44:19)
tran: time = 1.8e-007s.                                              (12:44:19)
tran: time = 2e-007s.                                                (12:44:19)
Number of tran steps = 2079

Simulation finished:	12.44.19   13/02/2026.

Simulation time summary:
Operating point = 0s  (CPU time 0.005s)
Transient analysis = 0s  (CPU time 0.281s)


Job ended at	12.44.19   13/02/2026.

Job time summary:
Total time used = 1s  (CPU time 1.022s)
