
***** SymSpice --- v2.4.0.0528 *****

Job started at	20.56.01   13/02/2026.

Loading file: 'E:\Symica Free\share\spice.ini'. Please wait...       (20:56:01)
Loading file: 'E:\WORCK\LR_2_SH\simulation\tb_tgl_xor\netlistLR_2_SH_NID'. Please wait...                                                            (20:56:01)
Loading file: 'E:\Symica Free\lib\models\mos.lib'. Please wait...    (20:56:01)
Loading file: 'E:\WORCK\LR_2_SH\simulation\tb_tgl_xor\netlistLR_2_SH_NID'. Please wait...                                                            (20:56:01)

Netlist summary (root)                                              (20:56:01)

  Nodes   	9
  Elements	16
  _warning_: Multithreading is not available in Free Edition. "multithread" set to 1

Multithreading
	Number of used threads		: 1
	Maximum number of threads	: 12

Start creating models...


Circuit summary
	Equations : 11
	Elements  : 16

	Type info
	      Vdc : 1    
	   Vpulse : 2    
	Capacitor : 1     (part types : 1)
	    BSIM3 : 12    (part types : 2)

Total time of model creation: 0s  (CPU time 0.039s).

SymProbe interprocess communication initialization... DONE
SymProbe run... DONE
SymProbe setup connection... DONE
----------------------------------------------

Simulation started:	20.56.01   13/02/2026.

Parameter values:
	start = 0 s
	outputstart = 0 s
	stop = 2e-009 s
	step = 2e-012 s
	maxstep = 4e-011 s
	skipdc = no
	reltol = 0.001
	abstol(I) = 1e-012
	abstol(V) = 1e-006
	temp = 27 C
	tnom = 27 C
	method = trap
	lteratio = 3.5
	gmin = 1e-012
	fast_spice = 0

Operating point calculation started...
Total time required for op. point calculation 0s  (CPU time 0.006s).

Transient analysis started...

tran: time = 0s.                                                     (20:56:01)
tran: time = 2e-010s.                                                (20:56:01)
tran: time = 4e-010s.                                                (20:56:01)
tran: time = 6e-010s.                                                (20:56:01)
tran: time = 8e-010s.                                                (20:56:01)
tran: time = 1e-009s.                                                (20:56:01)
tran: time = 1.2e-009s.                                              (20:56:01)
tran: time = 1.4e-009s.                                              (20:56:01)
tran: time = 1.6e-009s.                                              (20:56:01)
tran: time = 1.8e-009s.                                              (20:56:01)
tran: time = 2e-009s.                                                (20:56:01)
Number of tran steps = 59

Simulation finished:	20.56.01   13/02/2026.

Simulation time summary:
Operating point = 0s  (CPU time 0.006s)
Transient analysis = 0s  (CPU time 0.059s)


Job ended at	20.56.01   13/02/2026.

Job time summary:
Total time used = 0s  (CPU time 0.714s)
