
***** SymSpice --- v2.4.0.0528 *****

Job started at	21.32.58   12/02/2026.

Loading file: 'E:\Symica Free\share\spice.ini'. Please wait...       (21:32:59)
Loading file: 'E:\WORCK\LR_2_SH\simulation\tb_sh_dedh\netlistLR_2_SH_NID'. Please wait...                                                            (21:32:59)
Loading file: 'E:\Symica Free\lib\models\mos.lib'. Please wait...    (21:32:59)
Loading file: 'E:\WORCK\LR_2_SH\simulation\tb_sh_dedh\netlistLR_2_SH_NID'. Please wait...                                                            (21:32:59)

Netlist summary (root)                                              (21:32:59)

  Nodes   	68
  Elements	131
  _warning_: unknown viewpoint 'OUT_3'
  _warning_: Multithreading is not available in Free Edition. "multithread" set to 1

Multithreading
	Number of used threads		: 1
	Maximum number of threads	: 12

Start creating models...


Circuit summary
	Equations : 71
	Elements  : 131

	Type info
	      Vdc : 1    
	   Vpulse : 3    
	Capacitor : 3     (part types : 1)
	    BSIM3 : 124   (part types : 2)

Total time of model creation: 0s  (CPU time 0.035s).

SymProbe interprocess communication initialization... DONE
SymProbe run... DONE
SymProbe setup connection... DONE
----------------------------------------------

Simulation started:	21.32.59   12/02/2026.

Parameter values:
	start = 0 s
	outputstart = 0 s
	stop = 2e-007 s
	step = 2e-010 s
	maxstep = 4e-009 s
	skipdc = no
	reltol = 0.001
	abstol(I) = 1e-012
	abstol(V) = 1e-006
	temp = 27 C
	tnom = 27 C
	method = trap
	lteratio = 3.5
	gmin = 1e-012
	fast_spice = 0

No DC path from node 'I5.n19_1' to ground, Gmin installed to provide path.

Operating point calculation started...
Total time required for op. point calculation 0s  (CPU time 0.008s).

Transient analysis started...

tran: time = 0s.                                                     (21:32:59)
tran: time = 2e-008s.                                                (21:32:59)
tran: time = 4e-008s.                                                (21:32:59)
tran: time = 6e-008s.                                                (21:32:59)
tran: time = 8e-008s.                                                (21:32:59)
tran: time = 1e-007s.                                                (21:32:59)
tran: time = 1.2e-007s.                                              (21:32:59)
tran: time = 1.4e-007s.                                              (21:32:59)
tran: time = 1.6e-007s.                                              (21:32:59)
tran: time = 1.8e-007s.                                              (21:32:59)
tran: time = 2e-007s.                                                (21:32:59)
Number of tran steps = 1367

Simulation finished:	21.32.59   12/02/2026.

Simulation time summary:
Operating point = 0s  (CPU time 0.008s)
Transient analysis = 0s  (CPU time 0.549s)


Job ended at	21.33.00   12/02/2026.

Job time summary:
Total time used = 2s  (CPU time 1.307s)
