
***** SymSpice --- v2.4.0.0528 *****

Job started at	11.04.36   22/10/2025.

Loading file: 'C:\Program Files (x86)\Symica Free\share\spice.ini'. Please wait...                                                                   (11:04:37)
Loading file: 'D:\L_1\LR_1\LR_SSHMT_!\LR_2_SH\LR_2_Sch\LR_4\simulation\tb3\netlistLR_4'. Please wait...                                              (11:04:37)
Loading file: 'C:\Users\8221452\Desktop\models\mmapr_mos.lib'. Please wait...                                                                        (11:04:37)
Loading file: 'D:\L_1\LR_1\LR_SSHMT_!\LR_2_SH\LR_2_Sch\LR_4\simulation\tb3\netlistLR_4'. Please wait...                                              (11:04:37)

Netlist summary (root)                                              (11:04:37)

  Nodes   	22
  Elements	41
  _warning_: Multithreading is not available in Free Edition. "multithread" set to 1

Multithreading
	Number of used threads		: 1
	Maximum number of threads	: 4

Start creating models...


Circuit summary
	Equations : 24
	Elements  : 41

	Type info
	      Vdc : 1    
	   Vpulse : 2    
	Capacitor : 2     (part types : 1)
	    BSIM3 : 36    (part types : 2)

Total time of model creation: 0s  (CPU time 0.000s).

SymProbe interprocess communication initialization... DONE
SymProbe run... DONE
SymProbe setup connection... DONE
----------------------------------------------

Simulation started:	11.04.37   22/10/2025.

Parameter values:
	start = 0 s
	outputstart = 0 s
	stop = 1.6e-007 s
	step = 1.6e-010 s
	maxstep = 1e-010 s
	skipdc = no
	reltol = 0.001
	abstol(I) = 1e-012
	abstol(V) = 1e-006
	temp = 27 C
	tnom = 27 C
	method = trap
	lteratio = 3.5
	gmin = 1e-012
	fast_spice = 0

Operating point calculation started...
Total time required for op. point calculation 0s  (CPU time 0.010s).

Transient analysis started...

tran: time = 0s.                                                     (11:04:37)
tran: time = 1.6e-008s.                                              (11:04:37)
tran: time = 3.2e-008s.                                              (11:04:37)
tran: time = 4.8e-008s.                                              (11:04:37)
tran: time = 6.4e-008s.                                              (11:04:37)
tran: time = 8e-008s.                                                (11:04:37)
tran: time = 9.6e-008s.                                              (11:04:37)
tran: time = 1.12e-007s.                                             (11:04:37)
tran: time = 1.28e-007s.                                             (11:04:37)
tran: time = 1.44e-007s.                                             (11:04:37)
tran: time = 1.6e-007s.                                              (11:04:37)
Number of tran steps = 2008

Simulation finished:	11.04.37   22/10/2025.

Simulation time summary:
Operating point = 0s  (CPU time 0.010s)
Transient analysis = 0s  (CPU time 0.340s)


Job ended at	11.04.37   22/10/2025.

Job time summary:
Total time used = 1s  (CPU time 0.919s)
