
***** SymSpice --- v2.4.0.0528 *****

Job started at	13.27.05   13/02/2026.

Loading file: 'E:\Symica Free\share\spice.ini'. Please wait...       (13:27:06)
Loading file: 'E:\WORCK\LR_2_SH\simulation\five_comb_reg\netlistLR_2_SH_NID'. Please wait...                                                         (13:27:06)
Loading file: 'E:\Symica Free\lib\models\mos.lib'. Please wait...    (13:27:06)
Loading file: 'E:\WORCK\LR_2_SH\simulation\five_comb_reg\netlistLR_2_SH_NID'. Please wait...                                                         (13:27:06)

Netlist summary (root)                                              (13:27:06)

  Nodes   	81
  Elements	180
  _warning_: Multithreading is not available in Free Edition. "multithread" set to 1

Multithreading
	Number of used threads		: 1
	Maximum number of threads	: 12

Start creating models...


Circuit summary
	Equations : 90
	Elements  : 180

	Type info
	      Vdc : 7    
	   Vpulse : 3    
	    BSIM3 : 170   (part types : 2)

Total time of model creation: 0s  (CPU time 0.030s).

SymProbe interprocess communication initialization... DONE
SymProbe run... DONE
SymProbe setup connection... DONE
----------------------------------------------

Simulation started:	13.27.06   13/02/2026.

Parameter values:
	start = 0 s
	outputstart = 0 s
	stop = 2.5e-007 s
	step = 2.5e-010 s
	maxstep = 5e-009 s
	skipdc = no
	reltol = 0.001
	abstol(I) = 1e-012
	abstol(V) = 1e-006
	temp = 27 C
	tnom = 27 C
	method = trap
	lteratio = 3.5
	gmin = 1e-012
	fast_spice = 0

Operating point calculation started...
Total time required for op. point calculation 0s  (CPU time 0.009s).

Transient analysis started...

tran: time = 0s.                                                     (13:27:06)
tran: time = 2.5e-008s.                                              (13:27:06)
tran: time = 5e-008s.                                                (13:27:06)
tran: time = 7.5e-008s.                                              (13:27:06)
tran: time = 1e-007s.                                                (13:27:06)
tran: time = 1.25e-007s.                                             (13:27:06)
tran: time = 1.5e-007s.                                              (13:27:06)
tran: time = 1.75e-007s.                                             (13:27:06)
tran: time = 2e-007s.                                                (13:27:06)
tran: time = 2.25e-007s.                                             (13:27:06)
tran: time = 2.5e-007s.                                              (13:27:06)
Number of tran steps = 488

Simulation finished:	13.27.06   13/02/2026.

Simulation time summary:
Operating point = 0s  (CPU time 0.009s)
Transient analysis = 0s  (CPU time 0.305s)


Job ended at	13.27.06   13/02/2026.

Job time summary:
Total time used = 1s  (CPU time 0.860s)
