
***** SymSpice --- v2.4.0.0528 *****

Job started at	14.30.20   18/10/2025.

Loading file: 'C:\Program Files (x86)\Symica Free\share\spice.ini'. Please wait...                                                                   (14:30:20)
Loading file: 'D:\L_1\LR_1\LR_SSHMT_!\LR_2_SH\LR_2_Sch\simulation\Z_3\netlistLR_2_Sch'. Please wait...                                               (14:30:20)
Loading file: 'C:\Users\8221452\Desktop\models\bjt.lib'. Please wait...                                                                              (14:30:20)
  _warning_: parameter 'icrating' for model 'KT940A' (type 'bjt') ignored
  _warning_: parameter 'mfg' for model 'KT940A' (type 'bjt') ignored
  _warning_: parameter 'rco' for model 'KT940A' (type 'bjt') ignored
  _warning_: parameter 'vceo' for model 'KT940A' (type 'bjt') ignored
Loading file: 'D:\L_1\LR_1\LR_SSHMT_!\LR_2_SH\LR_2_Sch\simulation\Z_3\netlistLR_2_Sch'. Please wait...                                               (14:30:20)

Netlist summary (root)                                              (14:30:20)

  Nodes   	8
  Elements	12
  _warning_: Multithreading is not available in Free Edition. "multithread" set to 1

Multithreading
	Number of used threads		: 1
	Maximum number of threads	: 4

Start creating models...


Circuit summary
	Equations : 15
	Elements  : 12

	Type info
	      Vdc : 1    
	     Vsin : 1    
	 Resistor : 6     (part types : 5)
	Capacitor : 1     (part types : 1)
	      BJT : 3     (part types : 1)

Total time of model creation: 0s  (CPU time 0.000s).

SymProbe interprocess communication initialization... DONE
SymProbe run... DONE
SymProbe setup connection... DONE
----------------------------------------------

Simulation started:	14.30.20   18/10/2025.

Operating point calculation started...
Total time required for op. point calculation 0s  (CPU time 0.000s).

AC analysis started...

Sweep: frequency = 1 Hz.
Sweep: frequency = 7.94328 Hz.
Sweep: frequency = 63.0957 Hz.
Sweep: frequency = 501.187 Hz.
Sweep: frequency = 3981.07 Hz.
Sweep: frequency = 31622.8 Hz.
Sweep: frequency = 251189 Hz.
Sweep: frequency = 1.99526e+006 Hz.
Sweep: frequency = 1.58489e+007 Hz.
Sweep: frequency = 1.25893e+008 Hz.
Sweep: frequency = 1e+009 Hz.

Simulation finished:	14.30.20   18/10/2025.

Simulation time summary:
Operating point = 0s  (CPU time 0.000s)
AC analysis = 0s  (CPU time 0.020s)


Job ended at	14.30.20   18/10/2025.

Job time summary:
Total time used = 0s  (CPU time 0.460s)
