
***** SymSpice --- v2.4.0.0528 *****

Job started at	13.30.32   24/09/2025.

Loading file: 'C:\Program Files (x86)\Symica Free\share\spice.ini'. Please wait...                                                                   (13:30:32)
Loading file: 'D:\L_1\LR_1\LR_SSHMT_!\LR_2_SH\simulation\tb\netlistLR_2_SH'. Please wait...                                                          (13:30:32)
Loading file: 'C:\Users\8221452\Desktop\models\mmapr_mos.lib'. Please wait...                                                                        (13:30:32)
Loading file: 'D:\L_1\LR_1\LR_SSHMT_!\LR_2_SH\simulation\tb\netlistLR_2_SH'. Please wait...                                                          (13:30:32)

Netlist summary (root)                                              (13:30:32)

  Nodes   	20
  Elements	43
  _warning_: Multithreading is not available in Free Edition. "multithread" set to 1

Multithreading
	Number of used threads		: 1
	Maximum number of threads	: 4

Start creating models...


Circuit summary
	Equations : 22
	Elements  : 43

	Type info
	      Vdc : 1    
	   Vpulse : 2    
	Capacitor : 6     (part types : 1)
	    BSIM3 : 34    (part types : 2)

Total time of model creation: 0s  (CPU time 0.000s).

SymProbe interprocess communication initialization... DONE
SymProbe run... DONE
SymProbe setup connection... DONE
----------------------------------------------

Simulation started:	13.30.33   24/09/2025.

Parameter values:
	start = 0 s
	outputstart = 0 s
	stop = 8e-008 s
	step = 8e-011 s
	maxstep = 1e-010 s
	skipdc = no
	reltol = 0.001
	abstol(I) = 1e-012
	abstol(V) = 1e-006
	temp = 27 C
	tnom = 27 C
	method = trap
	lteratio = 3.5
	gmin = 1e-012
	fast_spice = 0

Operating point calculation started...
Total time required for op. point calculation 0s  (CPU time 0.010s).

Transient analysis started...

tran: time = 0s.                                                     (13:30:33)
tran: time = 8e-009s.                                                (13:30:33)
tran: time = 1.6e-008s.                                              (13:30:33)
tran: time = 2.4e-008s.                                              (13:30:33)
tran: time = 3.2e-008s.                                              (13:30:33)
tran: time = 4e-008s.                                                (13:30:33)
tran: time = 4.8e-008s.                                              (13:30:33)
tran: time = 5.6e-008s.                                              (13:30:33)
tran: time = 6.4e-008s.                                              (13:30:33)
tran: time = 7.2e-008s.                                              (13:30:33)
tran: time = 8e-008s.                                                (13:30:33)
Number of tran steps = 980

Simulation finished:	13.30.33   24/09/2025.

Simulation time summary:
Operating point = 0s  (CPU time 0.010s)
Transient analysis = 0s  (CPU time 0.180s)


Job ended at	13.30.33   24/09/2025.

Job time summary:
Total time used = 1s  (CPU time 1.450s)
