
***** SymSpice --- v2.4.0.0528 *****

Job started at	22.20.55   06/02/2026.

Loading file: 'E:\Symica Free\share\spice.ini'. Please wait...       (22:20:55)
Loading file: 'E:\Новая папка\LR_2_SH\simulation\tb_tgl_mux\netlistLR_2_SH_NID'. Please wait...                                                      (22:20:55)
Loading file: 'E:\Symica Free\lib\models\mos.lib'. Please wait...    (22:20:55)
Loading file: 'E:\Новая папка\LR_2_SH\simulation\tb_tgl_mux\netlistLR_2_SH_NID'. Please wait...                                                      (22:20:55)

Netlist summary (root)                                              (22:20:55)

  Nodes   	10
  Elements	17
  _warning_: Multithreading is not available in Free Edition. "multithread" set to 1

Multithreading
	Number of used threads		: 1
	Maximum number of threads	: 12

Start creating models...


Circuit summary
	Equations : 13
	Elements  : 17

	Type info
	      Vdc : 1    
	   Vpulse : 3    
	Capacitor : 1     (part types : 1)
	    BSIM3 : 12    (part types : 2)

Total time of model creation: 0s  (CPU time 0.031s).

SymProbe interprocess communication initialization... DONE
SymProbe run... DONE
SymProbe setup connection... DONE
----------------------------------------------

Simulation started:	22.20.56   06/02/2026.

Parameter values:
	start = 0 s
	outputstart = 0 s
	stop = 3e-007 s
	step = 3e-010 s
	maxstep = 6e-009 s
	skipdc = no
	reltol = 0.001
	abstol(I) = 1e-012
	abstol(V) = 1e-006
	temp = 27 C
	tnom = 27 C
	method = trap
	lteratio = 3.5
	gmin = 1e-012
	fast_spice = 0

Operating point calculation started...
Total time required for op. point calculation 0s  (CPU time 0.003s).

Transient analysis started...

tran: time = 0s.                                                     (22:20:56)
tran: time = 3e-008s.                                                (22:20:56)
tran: time = 6e-008s.                                                (22:20:56)
tran: time = 9e-008s.                                                (22:20:56)
tran: time = 1.2e-007s.                                              (22:20:56)
tran: time = 1.5e-007s.                                              (22:20:56)
tran: time = 1.8e-007s.                                              (22:20:56)
tran: time = 2.1e-007s.                                              (22:20:56)
tran: time = 2.4e-007s.                                              (22:20:56)
tran: time = 2.7e-007s.                                              (22:20:56)
tran: time = 3e-007s.                                                (22:20:56)
Number of tran steps = 917

Simulation finished:	22.20.56   06/02/2026.

Simulation time summary:
Operating point = 0s  (CPU time 0.003s)
Transient analysis = 0s  (CPU time 0.084s)


Job ended at	22.20.56   06/02/2026.

Job time summary:
Total time used = 1s  (CPU time 0.565s)
