
***** SymSpice --- v2.4.0.0528 *****

Job started at	12.26.38   13/02/2026.

Loading file: 'E:\Symica Free\share\spice.ini'. Please wait...       (12:26:38)
Loading file: 'E:\WORCK\LR_2_SH\simulation\tb_comparator\netlistLR_2_SH_NID'. Please wait...                                                         (12:26:38)
Loading file: 'E:\Symica Free\lib\models\mos.lib'. Please wait...    (12:26:38)
Loading file: 'E:\WORCK\LR_2_SH\simulation\tb_comparator\netlistLR_2_SH_NID'. Please wait...                                                         (12:26:38)

Netlist summary (root)                                              (12:26:38)

  Nodes   	143
  Elements	271
  _warning_: Multithreading is not available in Free Edition. "multithread" set to 1

Multithreading
	Number of used threads		: 1
	Maximum number of threads	: 12

Start creating models...


Circuit summary
	Equations : 158
	Elements  : 271

	Type info
	      Vdc : 10   
	   Vpulse : 6    
	Capacitor : 3     (part types : 1)
	    BSIM3 : 252   (part types : 2)

Total time of model creation: 0s  (CPU time 0.034s).

SymProbe interprocess communication initialization... DONE
SymProbe run... DONE
SymProbe setup connection... DONE
----------------------------------------------

Simulation started:	12.26.38   13/02/2026.

Parameter values:
	start = 0 s
	outputstart = 0 s
	stop = 5e-007 s
	step = 5e-010 s
	maxstep = 1e-010 s
	skipdc = no
	reltol = 0.001
	abstol(I) = 1e-012
	abstol(V) = 1e-006
	temp = 27 C
	tnom = 27 C
	method = trap
	lteratio = 3.5
	gmin = 1e-012
	fast_spice = 0

Operating point calculation started...
Total time required for op. point calculation 0s  (CPU time 0.014s).

Transient analysis started...

tran: time = 0s.                                                     (12:26:39)
tran: time = 5e-008s.                                                (12:26:39)
tran: time = 1e-007s.                                                (12:26:39)
tran: time = 1.5e-007s.                                              (12:26:40)
tran: time = 2e-007s.                                                (12:26:40)
tran: time = 2.5e-007s.                                              (12:26:41)
tran: time = 3e-007s.                                                (12:26:41)
tran: time = 3.5e-007s.                                              (12:26:41)
tran: time = 4e-007s.                                                (12:26:42)
tran: time = 4.5e-007s.                                              (12:26:42)
tran: time = 5e-007s.                                                (12:26:42)
Number of tran steps = 6646

Simulation finished:	12.26.42   13/02/2026.

Simulation time summary:
Operating point = 0s  (CPU time 0.014s)
Transient analysis = 3s  (CPU time 3.871s)


Job ended at	12.26.43   13/02/2026.

Job time summary:
Total time used = 5s  (CPU time 4.714s)
