
***** SymSpice --- v2.4.0.0528 *****

Job started at	22.05.01   18/11/2025.

Loading file: 'E:\Symica Free\share\spice.ini'. Please wait...       (22:05:02)
Loading file: 'E:\Новая папка\LR_2_SH\simulation\tb_nand3\netlistLR_2_SH_NID'. Please wait...                                                        (22:05:02)
Loading file: 'E:\Symica Free\lib\models\mos.lib'. Please wait...    (22:05:02)
Loading file: 'E:\Новая папка\LR_2_SH\simulation\tb_nand3\netlistLR_2_SH_NID'. Please wait...                                                        (22:05:02)

Netlist summary (root)                                              (22:05:02)

  Nodes   	8
  Elements	11
  _warning_: Multithreading is not available in Free Edition. "multithread" set to 1

Multithreading
	Number of used threads		: 1
	Maximum number of threads	: 12

Start creating models...


Circuit summary
	Equations : 11
	Elements  : 11

	Type info
	      Vdc : 1    
	   Vpulse : 3    
	Capacitor : 1     (part types : 1)
	    BSIM3 : 6     (part types : 2)

Total time of model creation: 1s  (CPU time 0.604s).

SymProbe interprocess communication initialization... DONE
SymProbe run... DONE
SymProbe setup connection... DONE
----------------------------------------------

Simulation started:	22.05.03   18/11/2025.

Parameter values:
	start = 0 s
	outputstart = 0 s
	stop = 2e-007 s
	step = 2e-010 s
	maxstep = 4e-009 s
	skipdc = no
	reltol = 0.001
	abstol(I) = 1e-012
	abstol(V) = 1e-006
	temp = 27 C
	tnom = 27 C
	method = trap
	lteratio = 3.5
	gmin = 1e-012
	fast_spice = 0

Operating point calculation started...
Total time required for op. point calculation 0s  (CPU time 0.004s).

Transient analysis started...

tran: time = 0s.                                                     (22:05:03)
tran: time = 2e-008s.                                                (22:05:03)
tran: time = 4e-008s.                                                (22:05:03)
tran: time = 6e-008s.                                                (22:05:03)
tran: time = 8e-008s.                                                (22:05:03)
tran: time = 1e-007s.                                                (22:05:03)
tran: time = 1.2e-007s.                                              (22:05:03)
tran: time = 1.4e-007s.                                              (22:05:03)
tran: time = 1.6e-007s.                                              (22:05:03)
tran: time = 1.8e-007s.                                              (22:05:03)
tran: time = 2e-007s.                                                (22:05:03)
Number of tran steps = 280

Simulation finished:	22.05.03   18/11/2025.

Simulation time summary:
Operating point = 0s  (CPU time 0.004s)
Transient analysis = 0s  (CPU time 0.023s)


Job ended at	22.05.03   18/11/2025.

Job time summary:
Total time used = 2s  (CPU time 1.780s)
