
***** SymSpice --- v2.4.0.0528 *****

Job started at	23.36.25   13/02/2026.

Loading file: 'E:\Symica Free\share\spice.ini'. Please wait...       (23:36:25)
Loading file: 'E:\WORCK\LR_2_SH\simulation\tb_len_inv\netlistLR_2_SH_NID'. Please wait...                                                            (23:36:25)
Loading file: 'E:\Symica Free\lib\models\mos.lib'. Please wait...    (23:36:25)
Loading file: 'E:\WORCK\LR_2_SH\simulation\tb_len_inv\netlistLR_2_SH_NID'. Please wait...                                                            (23:36:26)

Netlist summary (root)                                              (23:36:26)

  Nodes   	89
  Elements	174
  _warning_: Multithreading is not available in Free Edition. "multithread" set to 1

Multithreading
	Number of used threads		: 1
	Maximum number of threads	: 12

Start creating models...


Circuit summary
	Equations : 90
	Elements  : 174

	Type info
	      Vdc : 1    
	   Vpulse : 1    
	    BSIM3 : 172   (part types : 2)

Total time of model creation: 0s  (CPU time 0.031s).

SymProbe interprocess communication initialization... DONE
SymProbe run... DONE
SymProbe setup connection... DONE
----------------------------------------------

Simulation started:	23.36.26   13/02/2026.

Parameter values:
	start = 0 s
	outputstart = 0 s
	stop = 4e-008 s
	step = 4e-011 s
	maxstep = 0.1 s
	skipdc = no
	reltol = 0.001
	abstol(I) = 1e-012
	abstol(V) = 1e-006
	temp = 27 C
	tnom = 27 C
	method = trap
	lteratio = 3.5
	gmin = 1e-012
	fast_spice = 0

Operating point calculation started...
Total time required for op. point calculation 0s  (CPU time 0.006s).

Transient analysis started...

tran: time = 0s.                                                     (23:36:26)
tran: time = 4e-009s.                                                (23:36:26)
tran: time = 8e-009s.                                                (23:36:26)
tran: time = 1.2e-008s.                                              (23:36:26)
tran: time = 1.6e-008s.                                              (23:36:26)
tran: time = 2e-008s.                                                (23:36:26)
tran: time = 2.4e-008s.                                              (23:36:26)
tran: time = 2.8e-008s.                                              (23:36:26)
tran: time = 3.2e-008s.                                              (23:36:26)
tran: time = 3.6e-008s.                                              (23:36:26)
tran: time = 4e-008s.                                                (23:36:26)
Number of tran steps = 1016

Simulation finished:	23.36.26   13/02/2026.

Simulation time summary:
Operating point = 0s  (CPU time 0.006s)
Transient analysis = 0s  (CPU time 0.485s)


Job ended at	23.36.26   13/02/2026.

Job time summary:
Total time used = 1s  (CPU time 1.124s)
