
***** SymSpice --- v2.4.0.0528 *****

Job started at	16.00.54   13/02/2026.

Loading file: 'E:\Symica Free\share\spice.ini'. Please wait...       (16:00:55)
Loading file: 'E:\WORCK\LR_2_SH\simulation\tb_reverse_cnt\netlistLR_2_SH_NID'. Please wait...                                                        (16:00:55)
Loading file: 'E:\Symica Free\lib\models\mos.lib'. Please wait...    (16:00:55)
Loading file: 'E:\WORCK\LR_2_SH\simulation\tb_reverse_cnt\netlistLR_2_SH_NID'. Please wait...                                                        (16:00:55)

Netlist summary (root)                                              (16:00:55)

  Nodes   	48
  Elements	110
  _warning_: Multithreading is not available in Free Edition. "multithread" set to 1

Multithreading
	Number of used threads		: 1
	Maximum number of threads	: 12

Start creating models...


Circuit summary
	Equations : 51
	Elements  : 110

	Type info
	      Vdc : 1    
	   Vpulse : 3    
	Capacitor : 4     (part types : 1)
	    BSIM3 : 102   (part types : 2)

Total time of model creation: 0s  (CPU time 0.037s).

SymProbe interprocess communication initialization... DONE
SymProbe run... DONE
SymProbe setup connection... DONE
----------------------------------------------

Simulation started:	16.00.55   13/02/2026.

Parameter values:
	start = 0 s
	outputstart = 0 s
	stop = 8.5e-007 s
	step = 8.5e-010 s
	maxstep = 1e-010 s
	skipdc = no
	reltol = 0.001
	abstol(I) = 1e-012
	abstol(V) = 1e-006
	temp = 27 C
	tnom = 27 C
	method = trap
	lteratio = 3.5
	gmin = 1e-012
	fast_spice = 0

Operating point calculation started...
Total time required for op. point calculation 0s  (CPU time 0.006s).

Transient analysis started...

tran: time = 0s.                                                     (16:00:55)
tran: time = 8.5e-008s.                                              (16:00:55)
tran: time = 1.7e-007s.                                              (16:00:55)
tran: time = 2.55e-007s.                                             (16:00:56)
tran: time = 3.4e-007s.                                              (16:00:56)
tran: time = 4.25e-007s.                                             (16:00:56)
tran: time = 5.1e-007s.                                              (16:00:56)
tran: time = 5.95e-007s.                                             (16:00:57)
tran: time = 6.8e-007s.                                              (16:00:57)
tran: time = 7.65e-007s.                                             (16:00:57)
tran: time = 8.5e-007s.                                              (16:00:57)
Number of tran steps = 10420

Simulation finished:	16.00.57   13/02/2026.

Simulation time summary:
Operating point = 0s  (CPU time 0.006s)
Transient analysis = 2s  (CPU time 2.296s)


Job ended at	16.00.57   13/02/2026.

Job time summary:
Total time used = 3s  (CPU time 3.070s)
