
***** SymSpice --- v2.4.0.0528 *****

Job started at	00.08.26   03/12/2025.

Loading file: 'E:\Symica Free\share\spice.ini'. Please wait...       (00:08:26)
Loading file: 'E:\Новая папка\LR_2_SH\MEM\simulation\tb_mem\netlistMEM'. Please wait...                                                              (00:08:26)
Loading file: 'E:\Symica Free\lib\models\mos.lib'. Please wait...    (00:08:26)
Loading file: 'E:\Новая папка\LR_2_SH\MEM\simulation\tb_mem\netlistMEM'. Please wait...                                                              (00:08:26)

Netlist summary (root)                                              (00:08:26)

  Nodes   	7
  Elements	12
  _warning_: Multithreading is not available in Free Edition. "multithread" set to 1

Multithreading
	Number of used threads		: 1
	Maximum number of threads	: 12

Start creating models...


Circuit summary
	Equations : 10
	Elements  : 12

	Type info
	      Vdc : 1    
	   Vpulse : 3    
	Capacitor : 2     (part types : 1)
	    BSIM3 : 6     (part types : 2)

Total time of model creation: 0s  (CPU time 0.016s).

SymProbe interprocess communication initialization... DONE
SymProbe run... DONE
SymProbe setup connection... DONE
----------------------------------------------

Simulation started:	00.08.26   03/12/2025.

Parameter values:
	start = 0 s
	outputstart = 0 s
	stop = 3e-007 s
	step = 3e-010 s
	maxstep = 1e-010 s
	skipdc = no
	reltol = 0.001
	abstol(I) = 1e-012
	abstol(V) = 1e-006
	temp = 27 C
	tnom = 27 C
	method = trap
	lteratio = 3.5
	gmin = 1e-012
	fast_spice = 0

Operating point calculation started...
Total time required for op. point calculation 0s  (CPU time 0.002s).

Transient analysis started...

tran: time = 0s.                                                     (00:08:26)
tran: time = 3e-008s.                                                (00:08:26)
tran: time = 6e-008s.                                                (00:08:26)
tran: time = 9e-008s.                                                (00:08:26)
tran: time = 1.2e-007s.                                              (00:08:26)
tran: time = 1.5e-007s.                                              (00:08:26)
tran: time = 1.8e-007s.                                              (00:08:26)
tran: time = 2.1e-007s.                                              (00:08:26)
tran: time = 2.4e-007s.                                              (00:08:26)
tran: time = 2.7e-007s.                                              (00:08:26)
tran: time = 3e-007s.                                                (00:08:26)
Number of tran steps = 3030

Simulation finished:	00.08.26   03/12/2025.

Simulation time summary:
Operating point = 0s  (CPU time 0.002s)
Transient analysis = 0s  (CPU time 0.067s)


Job ended at	00.08.27   03/12/2025.

Job time summary:
Total time used = 1s  (CPU time 0.482s)
